{"C:\\Users\\algoa\\ProjectesInformatics\\Emissionsv2\\src\\components\\forms\\EtiquetaEmissions.tsx": {"path":"C:\\Users\\algoa\\ProjectesInformatics\\Emissionsv2\\src\\components\\forms\\EtiquetaEmissions.tsx","statementMap":{"0":{"start":{"line":19,"column":0},"end":{"line":19,"column":16}},"1":{"start":{"line":7,"column":2},"end":{"line":9,"column":3}},"2":{"start":{"line":8,"column":4},"end":{"line":8,"column":57}},"3":{"start":{"line":10,"column":2},"end":{"line":12,"column":3}},"4":{"start":{"line":11,"column":4},"end":{"line":11,"column":57}},"5":{"start":{"line":13,"column":2},"end":{"line":15,"column":3}},"6":{"start":{"line":14,"column":4},"end":{"line":14,"column":51}},"7":{"start":{"line":16,"column":2},"end":{"line":16,"column":55}},"8":{"start":{"line":20,"column":2},"end":{"line":25,"column":4}}},"fnMap":{"0":{"name":"getStyles","decl":{"start":{"line":6,"column":9},"end":{"line":6,"column":18}},"loc":{"start":{"line":6,"column":52},"end":{"line":17,"column":1}}},"1":{"name":"EtiquetaEmissions","decl":{"start":{"line":19,"column":16},"end":{"line":19,"column":33}},"loc":{"start":{"line":19,"column":78},"end":{"line":26,"column":1}}}},"branchMap":{"0":{"loc":{"start":{"line":7,"column":2},"end":{"line":9,"column":3}},"type":"if","locations":[{"start":{"line":7,"column":2},"end":{"line":9,"column":3}},{"start":{},"end":{}}]},"1":{"loc":{"start":{"line":10,"column":2},"end":{"line":12,"column":3}},"type":"if","locations":[{"start":{"line":10,"column":2},"end":{"line":12,"column":3}},{"start":{},"end":{}}]},"2":{"loc":{"start":{"line":13,"column":2},"end":{"line":15,"column":3}},"type":"if","locations":[{"start":{"line":13,"column":2},"end":{"line":15,"column":3}},{"start":{},"end":{}}]},"3":{"loc":{"start":{"line":22,"column":13},"end":{"line":22,"column":28}},"type":"binary-expr","locations":[{"start":{"line":22,"column":13},"end":{"line":22,"column":19}},{"start":{"line":22,"column":23},"end":{"line":22,"column":28}}]},"4":{"loc":{"start":{"line":23,"column":7},"end":{"line":23,"column":72}},"type":"binary-expr","locations":[{"start":{"line":23,"column":7},"end":{"line":23,"column":29}},{"start":{"line":23,"column":33},"end":{"line":23,"column":72}}]}},"s":{"0":1,"1":4,"2":1,"3":3,"4":1,"5":2,"6":1,"7":1,"8":4},"f":{"0":4,"1":4},"b":{"0":[1,3],"1":[1,2],"2":[1,1],"3":[4,1],"4":[4,1]}}
,"C:\\Users\\algoa\\ProjectesInformatics\\Emissionsv2\\src\\components\\layout\\SelectorIdioma.tsx": {"path":"C:\\Users\\algoa\\ProjectesInformatics\\Emissionsv2\\src\\components\\layout\\SelectorIdioma.tsx","statementMap":{"0":{"start":{"line":12,"column":0},"end":{"line":12,"column":16}},"1":{"start":{"line":1,"column":0},"end":{"line":1,"column":47}},"2":{"start":{"line":3,"column":0},"end":{"line":3,"column":75}},"3":{"start":{"line":5,"column":49},"end":{"line":10,"column":2}},"4":{"start":{"line":13,"column":22},"end":{"line":13,"column":38}},"5":{"start":{"line":15,"column":2},"end":{"line":32,"column":4}},"6":{"start":{"line":22,"column":10},"end":{"line":22,"column":55}},"7":{"start":{"line":26,"column":10},"end":{"line":26,"column":29}}},"fnMap":{"0":{"name":"SelectorIdioma","decl":{"start":{"line":12,"column":16},"end":{"line":12,"column":30}},"loc":{"start":{"line":12,"column":30},"end":{"line":33,"column":1}}},"1":{"name":"(anonymous_1)","decl":{"start":{"line":21,"column":18},"end":{"line":21,"column":19}},"loc":{"start":{"line":21,"column":28},"end":{"line":23,"column":9}}},"2":{"name":"(anonymous_2)","decl":{"start":{"line":25,"column":32},"end":{"line":25,"column":33}},"loc":{"start":{"line":26,"column":10},"end":{"line":26,"column":29}}}},"branchMap":{},"s":{"0":1,"1":1,"2":1,"3":1,"4":2,"5":2,"6":1,"7":8},"f":{"0":2,"1":1,"2":8},"b":{}}
,"C:\\Users\\algoa\\ProjectesInformatics\\Emissionsv2\\src\\utils\\locale.ts": {"path":"C:\\Users\\algoa\\ProjectesInformatics\\Emissionsv2\\src\\utils\\locale.ts","statementMap":{"0":{"start":{"line":7,"column":0},"end":{"line":7,"column":16}},"1":{"start":{"line":11,"column":0},"end":{"line":11,"column":16}},"2":{"start":{"line":18,"column":0},"end":{"line":18,"column":16}},"3":{"start":{"line":25,"column":0},"end":{"line":25,"column":16}},"4":{"start":{"line":33,"column":0},"end":{"line":33,"column":16}},"5":{"start":{"line":1,"column":0},"end":{"line":1,"column":55}},"6":{"start":{"line":4,"column":2},"end":{"line":4,"column":41}},"7":{"start":{"line":8,"column":2},"end":{"line":8,"column":74}},"8":{"start":{"line":12,"column":2},"end":{"line":15,"column":29}},"9":{"start":{"line":19,"column":2},"end":{"line":22,"column":19}},"10":{"start":{"line":26,"column":2},"end":{"line":30,"column":19}},"11":{"start":{"line":34,"column":2},"end":{"line":39,"column":19}}},"fnMap":{"0":{"name":"currentLocale","decl":{"start":{"line":3,"column":9},"end":{"line":3,"column":22}},"loc":{"start":{"line":3,"column":22},"end":{"line":5,"column":1}}},"1":{"name":"formatDate","decl":{"start":{"line":7,"column":16},"end":{"line":7,"column":26}},"loc":{"start":{"line":7,"column":56},"end":{"line":9,"column":1}}},"2":{"name":"formatDateTime","decl":{"start":{"line":11,"column":16},"end":{"line":11,"column":30}},"loc":{"start":{"line":11,"column":60},"end":{"line":16,"column":1}}},"3":{"name":"formatNumber","decl":{"start":{"line":18,"column":16},"end":{"line":18,"column":28}},"loc":{"start":{"line":18,"column":62},"end":{"line":23,"column":1}}},"4":{"name":"formatCurrency","decl":{"start":{"line":25,"column":16},"end":{"line":25,"column":30}},"loc":{"start":{"line":25,"column":62},"end":{"line":31,"column":1}}},"5":{"name":"formatUnit","decl":{"start":{"line":33,"column":16},"end":{"line":33,"column":26}},"loc":{"start":{"line":33,"column":90},"end":{"line":40,"column":1}}}},"branchMap":{"0":{"loc":{"start":{"line":18,"column":44},"end":{"line":18,"column":62}},"type":"default-arg","locations":[{"start":{"line":18,"column":61},"end":{"line":18,"column":62}}]},"1":{"loc":{"start":{"line":25,"column":46},"end":{"line":25,"column":62}},"type":"default-arg","locations":[{"start":{"line":25,"column":57},"end":{"line":25,"column":62}}]}},"s":{"0":1,"1":1,"2":1,"3":1,"4":1,"5":1,"6":7,"7":1,"8":1,"9":2,"10":2,"11":1},"f":{"0":7,"1":1,"2":1,"3":2,"4":2,"5":1},"b":{"0":[1],"1":[1]}}
}
