TN:
SF:src\components\forms\EtiquetaEmissions.tsx
FN:6,getStyles
FN:19,EtiquetaEmissions
FNF:2
FNH:2
FNDA:4,getStyles
FNDA:4,EtiquetaEmissions
DA:7,4
DA:8,1
DA:10,3
DA:11,1
DA:13,2
DA:14,1
DA:16,1
DA:19,1
DA:20,4
LF:9
LH:9
BRDA:7,0,0,1
BRDA:7,0,1,3
BRDA:10,1,0,1
BRDA:10,1,1,2
BRDA:13,2,0,1
BRDA:13,2,1,1
BRDA:22,3,0,4
BRDA:22,3,1,1
BRDA:23,4,0,4
BRDA:23,4,1,1
BRF:10
BRH:10
end_of_record
TN:
SF:src\components\layout\SelectorIdioma.tsx
FN:12,SelectorIdioma
FN:21,(anonymous_1)
FN:25,(anonymous_2)
FNF:3
FNH:3
FNDA:2,SelectorIdioma
FNDA:1,(anonymous_1)
FNDA:8,(anonymous_2)
DA:1,1
DA:3,1
DA:5,1
DA:12,1
DA:13,2
DA:15,2
DA:22,1
DA:26,8
LF:8
LH:8
BRF:0
BRH:0
end_of_record
TN:
SF:src\utils\locale.ts
FN:3,currentLocale
FN:7,formatDate
FN:11,formatDateTime
FN:18,formatNumber
FN:25,formatCurrency
FN:33,formatUnit
FNF:6
FNH:6
FNDA:7,currentLocale
FNDA:1,formatDate
FNDA:1,formatDateTime
FNDA:2,formatNumber
FNDA:2,formatCurrency
FNDA:1,formatUnit
DA:1,1
DA:4,7
DA:7,1
DA:8,1
DA:11,1
DA:12,1
DA:18,1
DA:19,2
DA:25,1
DA:26,2
DA:33,1
DA:34,1
LF:12
LH:12
BRDA:18,0,0,1
BRDA:25,1,0,1
BRF:2
BRH:2
end_of_record
