<?xml version="1.0" encoding="UTF-8"?>
<coverage generated="1771193541792" clover="3.2.0">
  <project timestamp="1771193541792" name="All files">
    <metrics statements="56" coveredstatements="56" conditionals="36" coveredconditionals="29" methods="15" coveredmethods="15" elements="107" coveredelements="100" complexity="0" loc="56" ncloc="56" packages="1" files="2" classes="2"/>
    <file name="calculsEconomics.service.ts" path="C:\Users\algoa\ProjectesInformatics\Emissionsv2\backend\src\services\calculsEconomics.service.ts">
      <metrics statements="43" coveredstatements="43" conditionals="32" coveredconditionals="25" methods="13" coveredmethods="13"/>
      <line num="1" count="1" type="stmt"/>
      <line num="5" count="1" type="stmt"/>
      <line num="6" count="1" type="stmt"/>
      <line num="8" count="1" type="stmt"/>
      <line num="16" count="1" type="stmt"/>
      <line num="23" count="1" type="stmt"/>
      <line num="86" count="64" type="stmt"/>
      <line num="90" count="11" type="stmt"/>
      <line num="96" count="3" type="stmt"/>
      <line num="105" count="1" type="stmt"/>
      <line num="107" count="6" type="stmt"/>
      <line num="108" count="6" type="stmt"/>
      <line num="112" count="6" type="stmt"/>
      <line num="116" count="6" type="cond" truecount="3" falsecount="0"/>
      <line num="117" count="6" type="stmt"/>
      <line num="121" count="5" type="stmt"/>
      <line num="122" count="5" type="stmt"/>
      <line num="126" count="3" type="stmt"/>
      <line num="135" count="3" type="cond" truecount="1" falsecount="1"/>
      <line num="136" count="3" type="cond" truecount="1" falsecount="1"/>
      <line num="137" count="3" type="cond" truecount="1" falsecount="1"/>
      <line num="138" count="3" type="cond" truecount="1" falsecount="1"/>
      <line num="139" count="3" type="cond" truecount="1" falsecount="1"/>
      <line num="140" count="3" type="stmt"/>
      <line num="141" count="3" type="cond" truecount="2" falsecount="0"/>
      <line num="143" count="3" type="stmt"/>
      <line num="144" count="5" type="stmt"/>
      <line num="145" count="5" type="cond" truecount="2" falsecount="0"/>
      <line num="146" count="5" type="cond" truecount="2" falsecount="0"/>
      <line num="147" count="5" type="stmt"/>
      <line num="148" count="5" type="stmt"/>
      <line num="150" count="5" type="stmt"/>
      <line num="163" count="5" type="stmt"/>
      <line num="164" count="5" type="stmt"/>
      <line num="166" count="5" type="stmt"/>
      <line num="167" count="3" type="stmt"/>
      <line num="168" count="3" type="stmt"/>
      <line num="170" count="5" type="stmt"/>
      <line num="171" count="3" type="stmt"/>
      <line num="172" count="3" type="stmt"/>
      <line num="174" count="3" type="stmt"/>
      <line num="175" count="3" type="stmt"/>
      <line num="177" count="3" type="stmt"/>
    </file>
    <file name="traduccio.service.ts" path="C:\Users\algoa\ProjectesInformatics\Emissionsv2\backend\src\services\traduccio.service.ts">
      <metrics statements="13" coveredstatements="13" conditionals="4" coveredconditionals="4" methods="2" coveredmethods="2"/>
      <line num="1" count="1" type="stmt"/>
      <line num="3" count="1" type="stmt"/>
      <line num="7" count="1" type="stmt"/>
      <line num="31" count="1" type="stmt"/>
      <line num="154" count="1" type="stmt"/>
      <line num="156" count="2" type="stmt"/>
      <line num="157" count="2" type="stmt"/>
      <line num="159" count="2" type="stmt"/>
      <line num="170" count="4" type="stmt"/>
      <line num="171" count="4" type="stmt"/>
      <line num="172" count="4" type="cond" truecount="2" falsecount="0"/>
      <line num="173" count="2" type="stmt"/>
      <line num="175" count="2" type="stmt"/>
    </file>
  </project>
</coverage>
