{"C:\\Users\\algoa\\ProjectesInformatics\\Emissionsv2\\backend\\src\\services\\calculsEconomics.service.ts": {"path":"C:\\Users\\algoa\\ProjectesInformatics\\Emissionsv2\\backend\\src\\services\\calculsEconomics.service.ts","statementMap":{"0":{"start":{"line":1,"column":0},"end":{"line":1,"column":24}},"1":{"start":{"line":5,"column":18},"end":{"line":5,"column":19}},"2":{"start":{"line":6,"column":19},"end":{"line":6,"column":22}},"3":{"start":{"line":8,"column":59},"end":{"line":14,"column":2}},"4":{"start":{"line":16,"column":70},"end":{"line":21,"column":2}},"5":{"start":{"line":23,"column":23},"end":{"line":40,"column":13}},"6":{"start":{"line":86,"column":2},"end":{"line":86,"column":41}},"7":{"start":{"line":90,"column":2},"end":{"line":90,"column":38}},"8":{"start":{"line":96,"column":2},"end":{"line":102,"column":4}},"9":{"start":{"line":105,"column":13},"end":{"line":189,"column":2}},"10":{"start":{"line":107,"column":18},"end":{"line":107,"column":46}},"11":{"start":{"line":108,"column":4},"end":{"line":108,"column":35}},"12":{"start":{"line":112,"column":4},"end":{"line":112,"column":58}},"13":{"start":{"line":116,"column":19},"end":{"line":116,"column":89}},"14":{"start":{"line":117,"column":4},"end":{"line":117,"column":38}},"15":{"start":{"line":121,"column":24},"end":{"line":121,"column":71}},"16":{"start":{"line":122,"column":4},"end":{"line":122,"column":63}},"17":{"start":{"line":126,"column":27},"end":{"line":133,"column":6}},"18":{"start":{"line":135,"column":19},"end":{"line":135,"column":46}},"19":{"start":{"line":136,"column":25},"end":{"line":136,"column":59}},"20":{"start":{"line":137,"column":34},"end":{"line":137,"column":79}},"21":{"start":{"line":138,"column":34},"end":{"line":138,"column":78}},"22":{"start":{"line":139,"column":31},"end":{"line":139,"column":71}},"23":{"start":{"line":140,"column":22},"end":{"line":140,"column":85}},"24":{"start":{"line":141,"column":31},"end":{"line":141,"column":86}},"25":{"start":{"line":143,"column":20},"end":{"line":161,"column":6}},"26":{"start":{"line":144,"column":22},"end":{"line":144,"column":55}},"27":{"start":{"line":145,"column":26},"end":{"line":145,"column":107}},"28":{"start":{"line":146,"column":31},"end":{"line":146,"column":58}},"29":{"start":{"line":147,"column":32},"end":{"line":147,"column":99}},"30":{"start":{"line":148,"column":33},"end":{"line":148,"column":114}},"31":{"start":{"line":150,"column":6},"end":{"line":160,"column":33}},"32":{"start":{"line":163,"column":26},"end":{"line":163,"column":95}},"33":{"start":{"line":163,"column":62},"end":{"line":163,"column":90}},"34":{"start":{"line":164,"column":27},"end":{"line":164,"column":97}},"35":{"start":{"line":164,"column":63},"end":{"line":164,"column":92}},"36":{"start":{"line":166,"column":23},"end":{"line":166,"column":94}},"37":{"start":{"line":166,"column":59},"end":{"line":166,"column":80}},"38":{"start":{"line":167,"column":28},"end":{"line":167,"column":115}},"39":{"start":{"line":168,"column":28},"end":{"line":168,"column":80}},"40":{"start":{"line":170,"column":25},"end":{"line":170,"column":92}},"41":{"start":{"line":170,"column":70},"end":{"line":170,"column":88}},"42":{"start":{"line":171,"column":24},"end":{"line":171,"column":98}},"43":{"start":{"line":172,"column":28},"end":{"line":172,"column":76}},"44":{"start":{"line":174,"column":23},"end":{"line":174,"column":96}},"45":{"start":{"line":175,"column":33},"end":{"line":175,"column":78}},"46":{"start":{"line":177,"column":4},"end":{"line":187,"column":6}}},"fnMap":{"0":{"name":"round","decl":{"start":{"line":85,"column":9},"end":{"line":85,"column":14}},"loc":{"start":{"line":85,"column":42},"end":{"line":87,"column":1}}},"1":{"name":"layerMassTonesPerM2","decl":{"start":{"line":89,"column":9},"end":{"line":89,"column":28}},"loc":{"start":{"line":89,"column":44},"end":{"line":91,"column":1}}},"2":{"name":"mergePreuMaterialPerTipus","decl":{"start":{"line":93,"column":9},"end":{"line":93,"column":34}},"loc":{"start":{"line":94,"column":60},"end":{"line":103,"column":1}}},"3":{"name":"(anonymous_3)","decl":{"start":{"line":106,"column":2},"end":{"line":106,"column":22}},"loc":{"start":{"line":106,"column":75},"end":{"line":109,"column":3}}},"4":{"name":"(anonymous_4)","decl":{"start":{"line":111,"column":2},"end":{"line":111,"column":23}},"loc":{"start":{"line":111,"column":100},"end":{"line":113,"column":3}}},"5":{"name":"(anonymous_5)","decl":{"start":{"line":115,"column":2},"end":{"line":115,"column":24}},"loc":{"start":{"line":115,"column":101},"end":{"line":118,"column":3}}},"6":{"name":"(anonymous_6)","decl":{"start":{"line":120,"column":2},"end":{"line":120,"column":26}},"loc":{"start":{"line":120,"column":92},"end":{"line":123,"column":3}}},"7":{"name":"(anonymous_7)","decl":{"start":{"line":125,"column":2},"end":{"line":125,"column":19}},"loc":{"start":{"line":125,"column":41},"end":{"line":188,"column":3}}},"8":{"name":"(anonymous_8)","decl":{"start":{"line":143,"column":47},"end":{"line":143,"column":48}},"loc":{"start":{"line":143,"column":56},"end":{"line":161,"column":5}}},"9":{"name":"(anonymous_9)","decl":{"start":{"line":163,"column":47},"end":{"line":163,"column":48}},"loc":{"start":{"line":163,"column":62},"end":{"line":163,"column":90}}},"10":{"name":"(anonymous_10)","decl":{"start":{"line":164,"column":48},"end":{"line":164,"column":49}},"loc":{"start":{"line":164,"column":63},"end":{"line":164,"column":92}}},"11":{"name":"(anonymous_11)","decl":{"start":{"line":166,"column":44},"end":{"line":166,"column":45}},"loc":{"start":{"line":166,"column":59},"end":{"line":166,"column":80}}},"12":{"name":"(anonymous_12)","decl":{"start":{"line":170,"column":55},"end":{"line":170,"column":56}},"loc":{"start":{"line":170,"column":70},"end":{"line":170,"column":88}}}},"branchMap":{"0":{"loc":{"start":{"line":85,"column":30},"end":{"line":85,"column":42}},"type":"default-arg","locations":[{"start":{"line":85,"column":41},"end":{"line":85,"column":42}}]},"1":{"loc":{"start":{"line":97,"column":14},"end":{"line":97,"column":69}},"type":"binary-expr","locations":[{"start":{"line":97,"column":14},"end":{"line":97,"column":33}},{"start":{"line":97,"column":37},"end":{"line":97,"column":69}}]},"2":{"loc":{"start":{"line":98,"column":16},"end":{"line":98,"column":75}},"type":"binary-expr","locations":[{"start":{"line":98,"column":16},"end":{"line":98,"column":37}},{"start":{"line":98,"column":41},"end":{"line":98,"column":75}}]},"3":{"loc":{"start":{"line":99,"column":10},"end":{"line":99,"column":57}},"type":"binary-expr","locations":[{"start":{"line":99,"column":10},"end":{"line":99,"column":25}},{"start":{"line":99,"column":29},"end":{"line":99,"column":57}}]},"4":{"loc":{"start":{"line":100,"column":13},"end":{"line":100,"column":66}},"type":"binary-expr","locations":[{"start":{"line":100,"column":13},"end":{"line":100,"column":31}},{"start":{"line":100,"column":35},"end":{"line":100,"column":66}}]},"5":{"loc":{"start":{"line":101,"column":14},"end":{"line":101,"column":69}},"type":"binary-expr","locations":[{"start":{"line":101,"column":14},"end":{"line":101,"column":33}},{"start":{"line":101,"column":37},"end":{"line":101,"column":69}}]},"6":{"loc":{"start":{"line":111,"column":86},"end":{"line":111,"column":100}},"type":"default-arg","locations":[{"start":{"line":111,"column":99},"end":{"line":111,"column":100}}]},"7":{"loc":{"start":{"line":116,"column":19},"end":{"line":116,"column":89}},"type":"binary-expr","locations":[{"start":{"line":116,"column":19},"end":{"line":116,"column":37}},{"start":{"line":116,"column":41},"end":{"line":116,"column":83}},{"start":{"line":116,"column":87},"end":{"line":116,"column":89}}]},"8":{"loc":{"start":{"line":120,"column":65},"end":{"line":120,"column":92}},"type":"default-arg","locations":[{"start":{"line":120,"column":89},"end":{"line":120,"column":92}}]},"9":{"loc":{"start":{"line":135,"column":19},"end":{"line":135,"column":46}},"type":"binary-expr","locations":[{"start":{"line":135,"column":19},"end":{"line":135,"column":41}},{"start":{"line":135,"column":45},"end":{"line":135,"column":46}}]},"10":{"loc":{"start":{"line":136,"column":25},"end":{"line":136,"column":59}},"type":"binary-expr","locations":[{"start":{"line":136,"column":25},"end":{"line":136,"column":53}},{"start":{"line":136,"column":57},"end":{"line":136,"column":59}}]},"11":{"loc":{"start":{"line":137,"column":34},"end":{"line":137,"column":79}},"type":"binary-expr","locations":[{"start":{"line":137,"column":34},"end":{"line":137,"column":71}},{"start":{"line":137,"column":75},"end":{"line":137,"column":79}}]},"12":{"loc":{"start":{"line":138,"column":34},"end":{"line":138,"column":78}},"type":"binary-expr","locations":[{"start":{"line":138,"column":34},"end":{"line":138,"column":71}},{"start":{"line":138,"column":75},"end":{"line":138,"column":78}}]},"13":{"loc":{"start":{"line":139,"column":31},"end":{"line":139,"column":71}},"type":"binary-expr","locations":[{"start":{"line":139,"column":31},"end":{"line":139,"column":65}},{"start":{"line":139,"column":69},"end":{"line":139,"column":71}}]},"14":{"loc":{"start":{"line":141,"column":43},"end":{"line":141,"column":85}},"type":"binary-expr","locations":[{"start":{"line":141,"column":43},"end":{"line":141,"column":79}},{"start":{"line":141,"column":83},"end":{"line":141,"column":85}}]},"15":{"loc":{"start":{"line":145,"column":38},"end":{"line":145,"column":106}},"type":"binary-expr","locations":[{"start":{"line":145,"column":38},"end":{"line":145,"column":84}},{"start":{"line":145,"column":88},"end":{"line":145,"column":106}}]},"16":{"loc":{"start":{"line":146,"column":31},"end":{"line":146,"column":58}},"type":"binary-expr","locations":[{"start":{"line":146,"column":31},"end":{"line":146,"column":52}},{"start":{"line":146,"column":56},"end":{"line":146,"column":58}}]}},"s":{"0":1,"1":1,"2":1,"3":1,"4":1,"5":1,"6":64,"7":11,"8":3,"9":1,"10":6,"11":6,"12":6,"13":6,"14":6,"15":5,"16":5,"17":3,"18":3,"19":3,"20":3,"21":3,"22":3,"23":3,"24":3,"25":3,"26":5,"27":5,"28":5,"29":5,"30":5,"31":5,"32":3,"33":5,"34":3,"35":5,"36":3,"37":5,"38":3,"39":3,"40":3,"41":5,"42":3,"43":3,"44":3,"45":3,"46":3},"f":{"0":64,"1":11,"2":3,"3":6,"4":6,"5":6,"6":5,"7":3,"8":5,"9":5,"10":5,"11":5,"12":5},"b":{"0":[64],"1":[3,3],"2":[3,2],"3":[3,3],"4":[3,3],"5":[3,3],"6":[0],"7":[6,2,1],"8":[0],"9":[3,0],"10":[3,0],"11":[3,0],"12":[3,0],"13":[3,0],"14":[3,2],"15":[5,4],"16":[5,1]}}
,"C:\\Users\\algoa\\ProjectesInformatics\\Emissionsv2\\backend\\src\\services\\traduccio.service.ts": {"path":"C:\\Users\\algoa\\ProjectesInformatics\\Emissionsv2\\backend\\src\\services\\traduccio.service.ts","statementMap":{"0":{"start":{"line":1,"column":0},"end":{"line":1,"column":24}},"1":{"start":{"line":3,"column":13},"end":{"line":3,"column":66}},"2":{"start":{"line":7,"column":24},"end":{"line":27,"column":2}},"3":{"start":{"line":31,"column":13},"end":{"line":152,"column":11}},"4":{"start":{"line":154,"column":13},"end":{"line":177,"column":2}},"5":{"start":{"line":156,"column":19},"end":{"line":156,"column":52}},"6":{"start":{"line":157,"column":22},"end":{"line":157,"column":50}},"7":{"start":{"line":159,"column":4},"end":{"line":166,"column":6}},"8":{"start":{"line":170,"column":22},"end":{"line":170,"column":50}},"9":{"start":{"line":171,"column":18},"end":{"line":171,"column":30}},"10":{"start":{"line":172,"column":4},"end":{"line":174,"column":5}},"11":{"start":{"line":173,"column":6},"end":{"line":173,"column":41}},"12":{"start":{"line":175,"column":4},"end":{"line":175,"column":48}}},"fnMap":{"0":{"name":"(anonymous_0)","decl":{"start":{"line":155,"column":2},"end":{"line":155,"column":19}},"loc":{"start":{"line":155,"column":55},"end":{"line":167,"column":3}}},"1":{"name":"(anonymous_1)","decl":{"start":{"line":169,"column":2},"end":{"line":169,"column":14}},"loc":{"start":{"line":169,"column":44},"end":{"line":176,"column":3}}}},"branchMap":{"0":{"loc":{"start":{"line":164,"column":37},"end":{"line":164,"column":59}},"type":"binary-expr","locations":[{"start":{"line":164,"column":37},"end":{"line":164,"column":53}},{"start":{"line":164,"column":57},"end":{"line":164,"column":59}}]},"1":{"loc":{"start":{"line":172,"column":4},"end":{"line":174,"column":5}},"type":"if","locations":[{"start":{"line":172,"column":4},"end":{"line":174,"column":5}},{"start":{},"end":{}}]}},"s":{"0":1,"1":1,"2":1,"3":1,"4":1,"5":2,"6":2,"7":2,"8":4,"9":4,"10":4,"11":2,"12":2},"f":{"0":2,"1":4},"b":{"0":[2,1],"1":[2,2]}}
}
