TN:
SF:src\services\calculsEconomics.service.ts
FN:85,round
FN:89,layerMassTonesPerM2
FN:93,mergePreuMaterialPerTipus
FN:106,(anonymous_3)
FN:111,(anonymous_4)
FN:115,(anonymous_5)
FN:120,(anonymous_6)
FN:125,(anonymous_7)
FN:143,(anonymous_8)
FN:163,(anonymous_9)
FN:164,(anonymous_10)
FN:166,(anonymous_11)
FN:170,(anonymous_12)
FNF:13
FNH:13
FNDA:64,round
FNDA:11,layerMassTonesPerM2
FNDA:3,mergePreuMaterialPerTipus
FNDA:6,(anonymous_3)
FNDA:6,(anonymous_4)
FNDA:6,(anonymous_5)
FNDA:5,(anonymous_6)
FNDA:3,(anonymous_7)
FNDA:5,(anonymous_8)
FNDA:5,(anonymous_9)
FNDA:5,(anonymous_10)
FNDA:5,(anonymous_11)
FNDA:5,(anonymous_12)
DA:1,1
DA:5,1
DA:6,1
DA:8,1
DA:16,1
DA:23,1
DA:86,64
DA:90,11
DA:96,3
DA:105,1
DA:107,6
DA:108,6
DA:112,6
DA:116,6
DA:117,6
DA:121,5
DA:122,5
DA:126,3
DA:135,3
DA:136,3
DA:137,3
DA:138,3
DA:139,3
DA:140,3
DA:141,3
DA:143,3
DA:144,5
DA:145,5
DA:146,5
DA:147,5
DA:148,5
DA:150,5
DA:163,5
DA:164,5
DA:166,5
DA:167,3
DA:168,3
DA:170,5
DA:171,3
DA:172,3
DA:174,3
DA:175,3
DA:177,3
LF:43
LH:43
BRDA:85,0,0,64
BRDA:97,1,0,3
BRDA:97,1,1,3
BRDA:98,2,0,3
BRDA:98,2,1,2
BRDA:99,3,0,3
BRDA:99,3,1,3
BRDA:100,4,0,3
BRDA:100,4,1,3
BRDA:101,5,0,3
BRDA:101,5,1,3
BRDA:111,6,0,0
BRDA:116,7,0,6
BRDA:116,7,1,2
BRDA:116,7,2,1
BRDA:120,8,0,0
BRDA:135,9,0,3
BRDA:135,9,1,0
BRDA:136,10,0,3
BRDA:136,10,1,0
BRDA:137,11,0,3
BRDA:137,11,1,0
BRDA:138,12,0,3
BRDA:138,12,1,0
BRDA:139,13,0,3
BRDA:139,13,1,0
BRDA:141,14,0,3
BRDA:141,14,1,2
BRDA:145,15,0,5
BRDA:145,15,1,4
BRDA:146,16,0,5
BRDA:146,16,1,1
BRF:32
BRH:25
end_of_record
TN:
SF:src\services\traduccio.service.ts
FN:155,(anonymous_0)
FN:169,(anonymous_1)
FNF:2
FNH:2
FNDA:2,(anonymous_0)
FNDA:4,(anonymous_1)
DA:1,1
DA:3,1
DA:7,1
DA:31,1
DA:154,1
DA:156,2
DA:157,2
DA:159,2
DA:170,4
DA:171,4
DA:172,4
DA:173,2
DA:175,2
LF:13
LH:13
BRDA:164,0,0,2
BRDA:164,0,1,1
BRDA:172,1,0,2
BRDA:172,1,1,2
BRF:4
BRH:4
end_of_record
